UVM_INFO /home/runner/env.svh(40) @ 25: uvm_test_top.jb_env.jb_fc [id1] GREEN BUBBLE_GUM 1
UVM_INFO /home/runner/env.svh(41) @ 25: uvm_test_top.jb_env.jb_fc [id2] GREEN BUBBLE_GUM 2
UVM_ERROR /home/runner/env.svh(44) @ 25: uvm_test_top.jb_env.jb_fc [id1] GREEN BUBBLE_GUM 5
UVM_ERROR /home/runner/env.svh(45) @ 25: uvm_test_top.jb_env.jb_fc [id2] GREEN BUBBLE_GUM 6
UVM_FATAL /home/runner/env.svh(46) @ 25: uvm_test_top.jb_env.jb_fc [id1] GREEN BUBBLE_GUM 7
UVM_FATAL /home/runner/env.svh(47) @ 25: uvm_test_top.jb_env.jb_fc [id2] GREEN BUBBLE_GUM 8
UVM_WARNING /home/runner/env.svh(42) @ 25: uvm_test_top.jb_env.jb_fc [id1] GREEN BUBBLE_GUM 3
UVM_WARNING /home/runner/env.svh(43) @ 25: uvm_test_top.jb_env.jb_fc [id2] GREEN BUBBLE_GUM 4
UVM_INFO /playground_lib/uvm-1.2/src/base/uvm_root.svh(392) @ 0: reporter [UVM/RELNOTES] 
UVM_INFO testbench.sv(7) @ 1060: reporter [TAG] This is the real message content
UVM_INFO testbench.sv(12) @ 3890: reporter [tb_top] var=0x6
UVM_WARNING testbench.sv(16) @ 3890: reporter [tb_top] Time is about to expire, time_set=4000
UVM_ERROR testbench.sv(13) @ 3036: reporter [CHECKER] [FAIL] Data mismatch exp=0x6
UVM_INFO /home/runner/env.svh(40) @ 25: uvm_test_top.jb_env.jb_fc [id1] GREEN BUBBLE_GUM 1
UVM_INFO /home/runner/env.svh(41) @ 25: uvm_test_top.jb_env.jb_fc [id2] GREEN BUBBLE_GUM 2
UVM_ERROR /home/runner/env.svh(44) @ 25: uvm_test_top.jb_env.jb_fc [id1] GREEN BUBBLE_GUM 5
UVM_ERROR /home/runner/env.svh(45) @ 25: uvm_test_top.jb_env.jb_fc [id2] GREEN BUBBLE_GUM 6
UVM_FATAL /home/runner/env.svh(46) @ 25: uvm_test_top.jb_env.jb_fc [id1] GREEN BUBBLE_GUM 7
UVM_FATAL /home/runner/env.svh(47) @ 25: uvm_test_top.jb_env.jb_fc [id2] GREEN BUBBLE_GUM 8
UVM_WARNING /home/runner/env.svh(42) @ 25: uvm_test_top.jb_env.jb_fc [id1] GREEN BUBBLE_GUM 3
UVM_WARNING /home/runner/env.svh(43) @ 25: uvm_test_top.jb_env.jb_fc [id2] GREEN BUBBLE_GUM 4
UVM_INFO /playground_lib/uvm-1.2/src/base/uvm_root.svh(392) @ 0: reporter [UVM/RELNOTES] 
UVM_INFO testbench.sv(7) @ 1060: reporter [TAG] This is the real message content
UVM_INFO testbench.sv(12) @ 3890: reporter [tb_top] var=0x6
UVM_WARNING testbench.sv(16) @ 3890: reporter [tb_top] Time is about to expire, time_set=4000
UVM_ERROR testbench.sv(13) @ 3036: reporter [CHECKER] [FAIL] Data mismatch exp=0x6
UVM_INFO /home/runner/env.svh(40) @ 25: uvm_test_top.jb_env.jb_fc [id1] GREEN BUBBLE_GUM 1
UVM_INFO /home/runner/env.svh(41) @ 25: uvm_test_top.jb_env.jb_fc [id2] GREEN BUBBLE_GUM 2
UVM_ERROR /home/runner/env.svh(44) @ 25: uvm_test_top.jb_env.jb_fc [id1] GREEN BUBBLE_GUM 5
UVM_ERROR /home/runner/env.svh(45) @ 25: uvm_test_top.jb_env.jb_fc [id2] GREEN BUBBLE_GUM 6
UVM_FATAL /home/runner/env.svh(46) @ 25: uvm_test_top.jb_env.jb_fc [id1] GREEN BUBBLE_GUM 7
UVM_FATAL /home/runner/env.svh(47) @ 25: uvm_test_top.jb_env.jb_fc [id2] GREEN BUBBLE_GUM 8
UVM_WARNING /home/runner/env.svh(42) @ 25: uvm_test_top.jb_env.jb_fc [id1] GREEN BUBBLE_GUM 3
UVM_WARNING /home/runner/env.svh(43) @ 25: uvm_test_top.jb_env.jb_fc [id2] GREEN BUBBLE_GUM 4
UVM_INFO /playground_lib/uvm-1.2/src/base/uvm_root.svh(392) @ 0: reporter [UVM/RELNOTES] 
UVM_INFO testbench.sv(7) @ 1060: reporter [TAG] This is the real message content
UVM_INFO testbench.sv(12) @ 3890: reporter [tb_top] var=0x6
UVM_WARNING testbench.sv(16) @ 3890: reporter [tb_top] Time is about to expire, time_set=4000
UVM_ERROR testbench.sv(13) @ 3036: reporter [CHECKER] [FAIL] Data mismatch exp=0x6
UVM_INFO /home/runner/env.svh(40) @ 25: uvm_test_top.jb_env.jb_fc [id1] GREEN BUBBLE_GUM 1
UVM_INFO /home/runner/env.svh(41) @ 25: uvm_test_top.jb_env.jb_fc [id2] GREEN BUBBLE_GUM 2
UVM_ERROR /home/runner/env.svh(44) @ 25: uvm_test_top.jb_env.jb_fc [id1] GREEN BUBBLE_GUM 5
UVM_ERROR /home/runner/env.svh(45) @ 25: uvm_test_top.jb_env.jb_fc [id2] GREEN BUBBLE_GUM 6
UVM_FATAL /home/runner/env.svh(46) @ 25: uvm_test_top.jb_env.jb_fc [id1] GREEN BUBBLE_GUM 7
UVM_FATAL /home/runner/env.svh(47) @ 25: uvm_test_top.jb_env.jb_fc [id2] GREEN BUBBLE_GUM 8
UVM_WARNING /home/runner/env.svh(42) @ 25: uvm_test_top.jb_env.jb_fc [id1] GREEN BUBBLE_GUM 3
UVM_WARNING /home/runner/env.svh(43) @ 25: uvm_test_top.jb_env.jb_fc [id2] GREEN BUBBLE_GUM 4
UVM_INFO /playground_lib/uvm-1.2/src/base/uvm_root.svh(392) @ 0: reporter [UVM/RELNOTES] 
UVM_INFO testbench.sv(7) @ 1060: reporter [TAG] This is the real message content
UVM_INFO testbench.sv(12) @ 3890: reporter [tb_top] var=0x6
UVM_WARNING testbench.sv(16) @ 3890: reporter [tb_top] Time is about to expire, time_set=4000
UVM_ERROR testbench.sv(13) @ 3036: reporter [CHECKER] [FAIL] Data mismatch exp=0x6
UVM_INFO /home/runner/env.svh(40) @ 25: uvm_test_top.jb_env.jb_fc [id1] GREEN BUBBLE_GUM 1
UVM_INFO /home/runner/env.svh(41) @ 25: uvm_test_top.jb_env.jb_fc [id2] GREEN BUBBLE_GUM 2
UVM_ERROR /home/runner/env.svh(44) @ 25: uvm_test_top.jb_env.jb_fc [id1] GREEN BUBBLE_GUM 5
UVM_ERROR /home/runner/env.svh(45) @ 25: uvm_test_top.jb_env.jb_fc [id2] GREEN BUBBLE_GUM 6
UVM_FATAL /home/runner/env.svh(46) @ 25: uvm_test_top.jb_env.jb_fc [id1] GREEN BUBBLE_GUM 7
UVM_FATAL /home/runner/env.svh(47) @ 25: uvm_test_top.jb_env.jb_fc [id2] GREEN BUBBLE_GUM 8
UVM_WARNING /home/runner/env.svh(42) @ 25: uvm_test_top.jb_env.jb_fc [id1] GREEN BUBBLE_GUM 3
UVM_WARNING /home/runner/env.svh(43) @ 25: uvm_test_top.jb_env.jb_fc [id2] GREEN BUBBLE_GUM 4
UVM_INFO /playground_lib/uvm-1.2/src/base/uvm_root.svh(392) @ 0: reporter [UVM/RELNOTES] 
UVM_INFO testbench.sv(7) @ 1060: reporter [TAG] This is the real message content
UVM_INFO testbench.sv(12) @ 3890: reporter [tb_top] var=0x6
UVM_WARNING testbench.sv(16) @ 3890: reporter [tb_top] Time is about to expire, time_set=4000
UVM_ERROR testbench.sv(13) @ 3036: reporter [CHECKER] [FAIL] Data mismatch exp=0x6
UVM_INFO /home/runner/env.svh(40) @ 25: uvm_test_top.jb_env.jb_fc [id1] GREEN BUBBLE_GUM 1
UVM_INFO /home/runner/env.svh(41) @ 25: uvm_test_top.jb_env.jb_fc [id2] GREEN BUBBLE_GUM 2
UVM_ERROR /home/runner/env.svh(44) @ 25: uvm_test_top.jb_env.jb_fc [id1] GREEN BUBBLE_GUM 5
UVM_ERROR /home/runner/env.svh(45) @ 25: uvm_test_top.jb_env.jb_fc [id2] GREEN BUBBLE_GUM 6
UVM_FATAL /home/runner/env.svh(46) @ 25: uvm_test_top.jb_env.jb_fc [id1] GREEN BUBBLE_GUM 7
UVM_FATAL /home/runner/env.svh(47) @ 25: uvm_test_top.jb_env.jb_fc [id2] GREEN BUBBLE_GUM 8
UVM_WARNING /home/runner/env.svh(42) @ 25: uvm_test_top.jb_env.jb_fc [id1] GREEN BUBBLE_GUM 3
UVM_WARNING /home/runner/env.svh(43) @ 25: uvm_test_top.jb_env.jb_fc [id2] GREEN BUBBLE_GUM 4
UVM_INFO /playground_lib/uvm-1.2/src/base/uvm_root.svh(392) @ 0: reporter [UVM/RELNOTES] 
UVM_INFO testbench.sv(7) @ 1060: reporter [TAG] This is the real message content
UVM_INFO testbench.sv(12) @ 3890: reporter [tb_top] var=0x6
UVM_WARNING testbench.sv(16) @ 3890: reporter [tb_top] Time is about to expire, time_set=4000
UVM_ERROR testbench.sv(13) @ 3036: reporter [CHECKER] [FAIL] Data mismatch exp=0x6
UVM_INFO /home/runner/env.svh(40) @ 25: uvm_test_top.jb_env.jb_fc [id1] GREEN BUBBLE_GUM 1
UVM_INFO /home/runner/env.svh(41) @ 25: uvm_test_top.jb_env.jb_fc [id2] GREEN BUBBLE_GUM 2
UVM_ERROR /home/runner/env.svh(44) @ 25: uvm_test_top.jb_env.jb_fc [id1] GREEN BUBBLE_GUM 5
UVM_ERROR /home/runner/env.svh(45) @ 25: uvm_test_top.jb_env.jb_fc [id2] GREEN BUBBLE_GUM 6
UVM_FATAL /home/runner/env.svh(46) @ 25: uvm_test_top.jb_env.jb_fc [id1] GREEN BUBBLE_GUM 7
UVM_FATAL /home/runner/env.svh(47) @ 25: uvm_test_top.jb_env.jb_fc [id2] GREEN BUBBLE_GUM 8
UVM_WARNING /home/runner/env.svh(42) @ 25: uvm_test_top.jb_env.jb_fc [id1] GREEN BUBBLE_GUM 3
UVM_WARNING /home/runner/env.svh(43) @ 25: uvm_test_top.jb_env.jb_fc [id2] GREEN BUBBLE_GUM 4
UVM_INFO /playground_lib/uvm-1.2/src/base/uvm_root.svh(392) @ 0: reporter [UVM/RELNOTES] 
UVM_INFO testbench.sv(7) @ 1060: reporter [TAG] This is the real message content
UVM_INFO testbench.sv(12) @ 3890: reporter [tb_top] var=0x6
UVM_WARNING testbench.sv(16) @ 3890: reporter [tb_top] Time is about to expire, time_set=4000
UVM_ERROR testbench.sv(13) @ 3036: reporter [CHECKER] [FAIL] Data mismatch exp=0x6
UVM_INFO /home/runner/env.svh(40) @ 25: uvm_test_top.jb_env.jb_fc [id1] GREEN BUBBLE_GUM 1
UVM_INFO /home/runner/env.svh(41) @ 25: uvm_test_top.jb_env.jb_fc [id2] GREEN BUBBLE_GUM 2
UVM_ERROR /home/runner/env.svh(44) @ 25: uvm_test_top.jb_env.jb_fc [id1] GREEN BUBBLE_GUM 5
UVM_ERROR /home/runner/env.svh(45) @ 25: uvm_test_top.jb_env.jb_fc [id2] GREEN BUBBLE_GUM 6
UVM_FATAL /home/runner/env.svh(46) @ 25: uvm_test_top.jb_env.jb_fc [id1] GREEN BUBBLE_GUM 7
UVM_FATAL /home/runner/env.svh(47) @ 25: uvm_test_top.jb_env.jb_fc [id2] GREEN BUBBLE_GUM 8
UVM_WARNING /home/runner/env.svh(42) @ 25: uvm_test_top.jb_env.jb_fc [id1] GREEN BUBBLE_GUM 3
UVM_WARNING /home/runner/env.svh(43) @ 25: uvm_test_top.jb_env.jb_fc [id2] GREEN BUBBLE_GUM 4
UVM_INFO /playground_lib/uvm-1.2/src/base/uvm_root.svh(392) @ 0: reporter [UVM/RELNOTES] 
UVM_INFO testbench.sv(7) @ 1060: reporter [TAG] This is the real message content
UVM_INFO testbench.sv(12) @ 3890: reporter [tb_top] var=0x6
UVM_WARNING testbench.sv(16) @ 3890: reporter [tb_top] Time is about to expire, time_set=4000
UVM_ERROR testbench.sv(13) @ 3036: reporter [CHECKER] [FAIL] Data mismatch exp=0x6
UVM_INFO /home/runner/env.svh(40) @ 25: uvm_test_top.jb_env.jb_fc [id1] GREEN BUBBLE_GUM 1
UVM_INFO /home/runner/env.svh(41) @ 25: uvm_test_top.jb_env.jb_fc [id2] GREEN BUBBLE_GUM 2
UVM_ERROR /home/runner/env.svh(44) @ 25: uvm_test_top.jb_env.jb_fc [id1] GREEN BUBBLE_GUM 5
UVM_ERROR /home/runner/env.svh(45) @ 25: uvm_test_top.jb_env.jb_fc [id2] GREEN BUBBLE_GUM 6
UVM_FATAL /home/runner/env.svh(46) @ 25: uvm_test_top.jb_env.jb_fc [id1] GREEN BUBBLE_GUM 7
UVM_FATAL /home/runner/env.svh(47) @ 25: uvm_test_top.jb_env.jb_fc [id2] GREEN BUBBLE_GUM 8
UVM_WARNING /home/runner/env.svh(42) @ 25: uvm_test_top.jb_env.jb_fc [id1] GREEN BUBBLE_GUM 3
UVM_WARNING /home/runner/env.svh(43) @ 25: uvm_test_top.jb_env.jb_fc [id2] GREEN BUBBLE_GUM 4
UVM_INFO /playground_lib/uvm-1.2/src/base/uvm_root.svh(392) @ 0: reporter [UVM/RELNOTES] 
UVM_INFO testbench.sv(7) @ 1060: reporter [TAG] This is the real message content
UVM_INFO testbench.sv(12) @ 3890: reporter [tb_top] var=0x6
UVM_WARNING testbench.sv(16) @ 3890: reporter [tb_top] Time is about to expire, time_set=4000
UVM_ERROR testbench.sv(13) @ 3036: reporter [CHECKER] [FAIL] Data mismatch exp=0x6
UVM_INFO /home/runner/env.svh(40) @ 25: uvm_test_top.jb_env.jb_fc [id1] GREEN BUBBLE_GUM 1
UVM_INFO /home/runner/env.svh(41) @ 25: uvm_test_top.jb_env.jb_fc [id2] GREEN BUBBLE_GUM 2
UVM_ERROR /home/runner/env.svh(44) @ 25: uvm_test_top.jb_env.jb_fc [id1] GREEN BUBBLE_GUM 5
UVM_ERROR /home/runner/env.svh(45) @ 25: uvm_test_top.jb_env.jb_fc [id2] GREEN BUBBLE_GUM 6
UVM_FATAL /home/runner/env.svh(46) @ 25: uvm_test_top.jb_env.jb_fc [id1] GREEN BUBBLE_GUM 7
UVM_FATAL /home/runner/env.svh(47) @ 25: uvm_test_top.jb_env.jb_fc [id2] GREEN BUBBLE_GUM 8
UVM_WARNING /home/runner/env.svh(42) @ 25: uvm_test_top.jb_env.jb_fc [id1] GREEN BUBBLE_GUM 3
UVM_WARNING /home/runner/env.svh(43) @ 25: uvm_test_top.jb_env.jb_fc [id2] GREEN BUBBLE_GUM 4
UVM_INFO /playground_lib/uvm-1.2/src/base/uvm_root.svh(392) @ 0: reporter [UVM/RELNOTES] 
UVM_INFO testbench.sv(7) @ 1060: reporter [TAG] This is the real message content
UVM_INFO testbench.sv(12) @ 3890: reporter [tb_top] var=0x6
UVM_WARNING testbench.sv(16) @ 3890: reporter [tb_top] Time is about to expire, time_set=4000
UVM_ERROR testbench.sv(13) @ 3036: reporter [CHECKER] [FAIL] Data mismatch exp=0x6
